2026-02-11 16:37:33,101 - INFO - Logging configured. Logs will be saved to /mnt/c/Users/PC/Documents/GitHub/VAETracer/demo/scMut/nmf+vae+ft_20260211_163733/run.log
2026-02-11 16:37:33,102 - INFO - Now run simple data...
2026-02-11 16:37:33,102 - INFO - Now run simple data, 0:(1, 32, None, None) seed=1
2026-02-11 16:37:33,102 - INFO - Set save_dir as: /mnt/c/Users/PC/Documents/GitHub/VAETracer/demo/scMut/nmf+vae+ft_20260211_163733/simple/0_1
2026-02-11 16:37:34,243 - INFO - Now run nmf...
2026-02-11 16:37:39,296 - INFO - Now run vae...
2026-02-11 16:37:39,297 - INFO - Now run vae-mode1-np...
2026-02-11 16:37:41,279 - INFO - Early stopping at epoch 137
2026-02-11 16:37:41,280 - INFO - Restored best model from epoch 92
2026-02-11 16:37:41,492 - INFO - Now run vae-mode1-xhat...
2026-02-11 16:37:42,421 - INFO - Early stopping at epoch 228
2026-02-11 16:37:42,422 - INFO - Restored best model from epoch 183
2026-02-11 16:37:47,670 - INFO - Now represent Z by tSNE & UMAP...
2026-02-11 16:37:53,485 - INFO - Now run ft...
2026-02-11 16:37:54,331 - INFO - Finished! Get finetuned N by attribute .N_ft.
2026-02-11 16:38:00,809 - INFO - Finished! Get finetuned P by attribute .P_ft.
2026-02-11 16:38:02,187 - INFO - Done by 0h 0m27s
2026-02-11 16:38:05,802 - INFO - Statistics: {'n': {'real_nmf': {'pearson_corr': 0.9261240936739416, 'pearson_p': 2.7797104848737985e-43, 'spearman_corr': 0.9498956107774887, 'spearman_p': 2.701119727152093e-51, 'linreg_beta': 0.02493391513363921, 'linreg_r': 0.9261240936739416, 'linreg_p': 2.7797104848739738e-43}, 'real_vae': {'pearson_corr': 0.730773974552481, 'pearson_p': 6.12684093633635e-18, 'spearman_corr': 0.712447219513783, 'spearman_p': 9.391873973221312e-17, 'linreg_beta': 0.016245143148446238, 'linreg_r': 0.7307739745524809, 'linreg_p': 6.1268409363363554e-18}, 'real_ft': {'pearson_corr': 0.7297384464262126, 'pearson_p': 7.190987680376826e-18, 'spearman_corr': 0.718799403893481, 'spearman_p': 3.736524506757085e-17, 'linreg_beta': 0.5934681944365029, 'linreg_r': 0.7297384464262124, 'linreg_p': 7.190987680377051e-18}, 'nmf_vae': {'pearson_corr': 0.5968084139069343, 'pearson_p': 5.640315052676379e-11, 'spearman_corr': 0.7079267926792677, 'spearman_p': 1.7827726451353799e-16, 'linreg_beta': 0.4927811803805237, 'linreg_r': 0.5968084139069343, 'linreg_p': 5.640315052676322e-11}, 'nmf_ft': {'pearson_corr': 0.5959617199590791, 'pearson_p': 6.098778167180208e-11, 'spearman_corr': 0.7113589278348422, 'spearman_p': 1.0971097029425117e-16, 'linreg_beta': 18.00227086333309, 'linreg_r': 0.5959617199590792, 'linreg_p': 6.098778167180102e-11}, 'vae_ft': {'pearson_corr': 0.9997916570271039, 'pearson_p': 1.878125794857343e-167, 'spearman_corr': 0.9931085673090562, 'spearman_p': 4.595631709385533e-93, 'linreg_beta': 36.57625690303537, 'linreg_r': 0.9997916570271038, 'linreg_p': 1.878125794906463e-167}}, 'p': {'real_nmf': {'pearson_corr': 0.9190301973717151, 'pearson_p': 2.0889764099435597e-41, 'spearman_corr': 0.9870296640598402, 'spearman_p': 1.1412934472963404e-79, 'linreg_beta': 4.710739142366147, 'linreg_r': 0.9190301973717147, 'linreg_p': 2.088976409944245e-41}, 'real_vae': {'pearson_corr': 0.9190301904824585, 'pearson_p': 2.0889847669961226e-41, 'spearman_corr': 0.9870296640598402, 'spearman_p': 1.1412934472963404e-79, 'linreg_beta': 4.7107390580045205, 'linreg_r': 0.919030190482458, 'linreg_p': 2.0889847669966656e-41}, 'real_ft': {'pearson_corr': 0.9312034421213671, 'pearson_p': 9.590775387196296e-45, 'spearman_corr': 0.97550847737756, 'spearman_p': 2.9228535449432986e-66, 'linreg_beta': 3.5024812017015976, 'linreg_r': 0.9312034421213667, 'linreg_p': 9.59077538719857e-45}, 'nmf_vae': {'pearson_corr': 0.9999999999999951, 'pearson_p': 0.0, 'spearman_corr': 0.9999999999999999, 'spearman_p': 0.0, 'linreg_beta': 0.9999999895878569, 'linreg_r': 0.9999999999999953, 'linreg_p': 0.0}, 'nmf_ft': {'pearson_corr': 0.9507190579354323, 'pearson_p': 1.2232604056689757e-51, 'spearman_corr': 0.9875067506750674, 'spearman_p': 1.8398631551707363e-80, 'linreg_beta': 0.6976284222609195, 'linreg_r': 0.9507190579354324, 'linreg_p': 1.2232604056688387e-51}, 'vae_ft': {'pearson_corr': 0.9507190532624002, 'pearson_p': 1.2232659517206735e-51, 'spearman_corr': 0.9875067506750674, 'spearman_p': 1.8398631551707363e-80, 'linreg_beta': 0.6976284260956978, 'linreg_r': 0.9507190532624004, 'linreg_p': 1.2232659517204284e-51}}}
2026-02-11 16:38:05,803 - INFO - Now run lineage data...
2026-02-11 16:38:05,803 - INFO - Now run lineage data, 0:(1, 32, None, None) seed=1
2026-02-11 16:38:05,803 - INFO - Set save_dir as: /mnt/c/Users/PC/Documents/GitHub/VAETracer/demo/scMut/nmf+vae+ft_20260211_163733/lineage/0_1
2026-02-11 16:38:09,677 - INFO - Now run nmf...
2026-02-11 16:38:14,846 - INFO - Now run vae...
2026-02-11 16:38:14,846 - INFO - Now run vae-mode1-np...
2026-02-11 16:38:17,062 - INFO - Early stopping at epoch 214
2026-02-11 16:38:17,063 - INFO - Restored best model from epoch 169
2026-02-11 16:38:17,388 - INFO - Now run vae-mode1-xhat...
2026-02-11 16:38:18,525 - INFO - Early stopping at epoch 204
2026-02-11 16:38:18,527 - INFO - Restored best model from epoch 159
2026-02-11 16:38:23,430 - INFO - Now represent Z by tSNE & UMAP...
2026-02-11 16:38:25,087 - INFO - Now run ft...
2026-02-11 16:38:25,126 - INFO - Finished! Get finetuned N by attribute .N_ft.
2026-02-11 16:38:31,603 - INFO - Finished! Get finetuned P by attribute .P_ft.
2026-02-11 16:38:32,580 - INFO - Done by 0h 0m22s
2026-02-11 16:38:36,027 - INFO - Statistics: {'n': {'real_nmf': {'pearson_corr': 0.5371050557095531, 'pearson_p': 8.35876198920025e-09, 'spearman_corr': 0.39875740868573356, 'spearman_p': 3.969766114129859e-05, 'linreg_beta': 0.02093343176086664, 'linreg_r': 0.5371050557095537, 'linreg_p': 8.358761989199806e-09}, 'real_vae': {'pearson_corr': 0.44269158061487757, 'pearson_p': 3.990216131586547e-06, 'spearman_corr': 0.16813855889238, 'spearman_p': 0.09449009267603654, 'linreg_beta': 0.009297517624353964, 'linreg_r': 0.44269158061487807, 'linreg_p': 3.990216131586406e-06}, 'real_ft': {'pearson_corr': 0.4514845318727404, 'pearson_p': 2.4213362803112087e-06, 'spearman_corr': 0.23527525681147846, 'spearman_p': 0.01845542695586365, 'linreg_beta': 0.2889658584858982, 'linreg_r': 0.4514845318727409, 'linreg_p': 2.4213362803111253e-06}, 'nmf_vae': {'pearson_corr': 0.5922691376898663, 'pearson_p': 8.552836773619551e-11, 'spearman_corr': 0.44669666966696664, 'spearman_p': 3.1836880247600802e-06, 'linreg_beta': 0.3191564751616773, 'linreg_r': 0.5922691376898663, 'linreg_p': 8.552836773619463e-11}, 'nmf_ft': {'pearson_corr': 0.5933526163439254, 'pearson_p': 7.748346365152554e-11, 'spearman_corr': 0.4751043091362574, 'spearman_p': 5.895301382648198e-07, 'linreg_beta': 9.743956329897667, 'linreg_r': 0.593352616343926, 'linreg_p': 7.748346365152207e-11}, 'vae_ft': {'pearson_corr': 0.9970721875728861, 'pearson_p': 3.0646484168903466e-111, 'spearman_corr': 0.9327684630713938, 'spearman_p': 3.226187896779015e-45, 'linreg_beta': 30.385368815080465, 'linreg_r': 0.9970721875728871, 'linreg_p': 3.0646484168391345e-111}}, 'p': {'real_nmf': {'pearson_corr': 0.7741671429945297, 'pearson_p': 3.546732307289671e-21, 'spearman_corr': 0.9321960161938633, 'spearman_p': 4.8202864269145256e-45, 'linreg_beta': 4.88649078106711, 'linreg_r': 0.7741671429945296, 'linreg_p': 3.546732307289848e-21}, 'real_vae': {'pearson_corr': 0.7741671373079427, 'pearson_p': 3.5467361515861494e-21, 'spearman_corr': 0.9321960161938633, 'spearman_p': 4.8202864269145256e-45, 'linreg_beta': 4.886490794646107, 'linreg_r': 0.774167137307942, 'linreg_p': 3.546736151586621e-21}, 'real_ft': {'pearson_corr': 0.7422177705803663, 'pearson_p': 9.922712372802098e-19, 'spearman_corr': 0.889579626705554, 'spearman_p': 4.038337097457368e-35, 'linreg_beta': 6.81042193296054, 'linreg_r': 0.7422177705803662, 'linreg_p': 9.92271237280224e-19}, 'nmf_vae': {'pearson_corr': 0.9999999999999953, 'pearson_p': 0.0, 'spearman_corr': 0.9999999999999999, 'spearman_p': 0.0, 'linreg_beta': 1.0000000101243063, 'linreg_r': 0.9999999999999948, 'linreg_p': 0.0}, 'nmf_ft': {'pearson_corr': 0.9862404352010232, 'pearson_p': 2.0244344488884085e-78, 'spearman_corr': 0.9604800480048005, 'spearman_p': 3.105487083296334e-56, 'linreg_beta': 1.433715982209507, 'linreg_r': 0.9862404352010234, 'linreg_p': 2.0244344488867888e-78}, 'vae_ft': {'pearson_corr': 0.986240435692652, 'pearson_p': 2.024430928140596e-78, 'spearman_corr': 0.9604800480048005, 'spearman_p': 3.105487083296334e-56, 'linreg_beta': 1.433715968408809, 'linreg_r': 0.9862404356926519, 'linreg_p': 2.024430928141393e-78}}}
2026-02-11 16:38:36,028 - INFO - Now save all results into /mnt/c/Users/PC/Documents/GitHub/VAETracer/demo/scMut/nmf+vae+ft_20260211_163733/result.pkl...
